This is pdfTeX, Version 3.14159265-2.6-1.40.20 (TeX Live 2019) (preloaded format=pdflatex 2020.3.24)  21 APR 2020 11:45
entering extended mode
 restricted \write18 enabled.
 %&-line parsing enabled.
**StreamFluxArticle.tex
(./StreamFluxArticle.tex
LaTeX2e <2020-02-02> patch level 5
L3 programming layer <2020-02-25> (./agujournal2018.cls
Document Class: agujournal2018 08/23/2018

(/nas/longleaf/home/armurray/.TinyTeX/texmf-dist/tex/latex/graphics/graphicx.st
y
Package: graphicx 2019/11/30 v1.2a Enhanced LaTeX Graphics (DPC,SPQR)
(/nas/longleaf/home/armurray/.TinyTeX/texmf-dist/tex/latex/graphics/keyval.sty
Package: keyval 2014/10/28 v1.15 key=value parser (DPC)
\KV@toks@=\toks15
)
(/nas/longleaf/home/armurray/.TinyTeX/texmf-dist/tex/latex/graphics/graphics.st
y
Package: graphics 2019/11/30 v1.4a Standard LaTeX Graphics (DPC,SPQR)
(/nas/longleaf/home/armurray/.TinyTeX/texmf-dist/tex/latex/graphics/trig.sty
Package: trig 2016/01/03 v1.10 sin cos tan (DPC)
)
(/nas/longleaf/home/armurray/.TinyTeX/texmf-dist/tex/latex/graphics-cfg/graphic
s.cfg
File: graphics.cfg 2016/06/04 v1.11 sample graphics configuration
)
Package graphics Info: Driver file: pdftex.def on input line 105.

(/nas/longleaf/home/armurray/.TinyTeX/texmf-dist/tex/latex/graphics-def/pdftex.
def
File: pdftex.def 2018/01/08 v1.0l Graphics/color driver for pdftex
))
\Gin@req@height=\dimen134
\Gin@req@width=\dimen135
) (/nas/longleaf/home/armurray/.TinyTeX/texmf-dist/tex/latex/xcolor/xcolor.sty
Package: xcolor 2016/05/11 v2.12 LaTeX color extensions (UK)

(/nas/longleaf/home/armurray/.TinyTeX/texmf-dist/tex/latex/graphics-cfg/color.c
fg
File: color.cfg 2016/01/02 v1.6 sample color configuration
)
Package xcolor Info: Driver file: pdftex.def on input line 225.
Package xcolor Info: Model `cmy' substituted by `cmy0' on input line 1348.
Package xcolor Info: Model `hsb' substituted by `rgb' on input line 1352.
Package xcolor Info: Model `RGB' extended on input line 1364.
Package xcolor Info: Model `HTML' substituted by `rgb' on input line 1366.
Package xcolor Info: Model `Hsb' substituted by `hsb' on input line 1367.
Package xcolor Info: Model `tHsb' substituted by `hsb' on input line 1368.
Package xcolor Info: Model `HSB' substituted by `hsb' on input line 1369.
Package xcolor Info: Model `Gray' substituted by `gray' on input line 1370.
Package xcolor Info: Model `wave' substituted by `hsb' on input line 1371.
) (/nas/longleaf/home/armurray/.TinyTeX/texmf-dist/tex/latex/url/url.sty
\Urlmuskip=\muskip16
Package: url 2013/09/16  ver 3.4  Verb mode for urls, etc.
) (./trackchanges.sty
Package: trackchanges 2009/04/22 v0.7.0 TrackChanges file 
(/nas/longleaf/home/armurray/.TinyTeX/texmf-dist/tex/latex/base/ifthen.sty
Package: ifthen 2014/09/29 v1.1c Standard LaTeX ifthen package (DPC)
) (/nas/longleaf/home/armurray/.TinyTeX/texmf-dist/tex/latex/tools/calc.sty
Package: calc 2017/05/25 v4.3 Infix arithmetic (KKT,FJ)
\calc@Acount=\count167
\calc@Bcount=\count168
\calc@Adimen=\dimen136
\calc@Bdimen=\dimen137
\calc@Askip=\skip47
\calc@Bskip=\skip48
LaTeX Info: Redefining \setlength on input line 80.
LaTeX Info: Redefining \addtolength on input line 81.
\calc@Ccount=\count169
\calc@Cskip=\skip49
) (/nas/longleaf/home/armurray/.TinyTeX/texmf-dist/tex/latex/soul/soul.sty
Package: soul 2003/11/17 v2.4 letterspacing/underlining (mf)
\SOUL@word=\toks16
\SOUL@lasttoken=\toks17
\SOUL@cmds=\toks18
\SOUL@buffer=\toks19
\SOUL@token=\toks20
\SOUL@spaceskip=\skip50
\SOUL@ttwidth=\dimen138
\SOUL@uldp=\dimen139
\SOUL@ulht=\dimen140
)
(/nas/longleaf/home/armurray/.TinyTeX/texmf-dist/tex/latex/morefloats/morefloat
s.sty
Package: morefloats 2015/07/22 v1.0h Raise limit of unprocessed floats (HMM)

(/nas/longleaf/home/armurray/.TinyTeX/texmf-dist/tex/latex/kvoptions/kvoptions.
sty
Package: kvoptions 2019/11/29 v3.13 Key value format for package options (HO)

(/nas/longleaf/home/armurray/.TinyTeX/texmf-dist/tex/generic/ltxcmds/ltxcmds.st
y
Package: ltxcmds 2019/12/15 v1.24 LaTeX kernel commands for general use (HO)
)
(/nas/longleaf/home/armurray/.TinyTeX/texmf-dist/tex/generic/kvsetkeys/kvsetkey
s.sty
Package: kvsetkeys 2019/12/15 v1.18 Key value parser (HO)
))
Package morefloats Info: Maximum number of possible floats asked for: 36
(morefloats)             (i.e. 18 more floats).
(morefloats)             LaTeX might run out of memory before this
(morefloats)             (in which case it will notify you).
)
\c@userid=\count170
\c@changenumber=\count171
\c@storefootnote=\count172
\c@numeditors=\count173
\c@maxeditors=\count174
) (/nas/longleaf/home/armurray/.TinyTeX/texmf-dist/tex/latex/lineno/lineno.sty
Package: lineno 2005/11/02 line numbers on paragraphs v4.41
\linenopenalty=\count175
\output=\toks21
\linenoprevgraf=\count176
\linenumbersep=\dimen141
\linenumberwidth=\dimen142
\c@linenumber=\count177
\c@pagewiselinenumber=\count178
\c@LN@truepage=\count179
\c@internallinenumber=\count180
\c@internallinenumbers=\count181
\quotelinenumbersep=\dimen143
\bframerule=\dimen144
\bframesep=\dimen145
\bframebox=\box45
LaTeX Info: Redefining \\ on input line 3056.
)
(/nas/longleaf/home/armurray/.TinyTeX/texmf-dist/tex/latex/tools/indentfirst.st
y
Package: indentfirst 1995/11/23 v1.03 Indent first paragraph (DPC)
)
(/nas/longleaf/home/armurray/.TinyTeX/texmf-dist/tex/latex/ragged2e/ragged2e.st
y
Package: ragged2e 2019/07/28 v2.2 ragged2e Package (MS)
(/nas/longleaf/home/armurray/.TinyTeX/texmf-dist/tex/latex/ms/everysel.sty
Package: everysel 2011/10/28 v1.2 EverySelectfont Package (MS)
)
\CenteringLeftskip=\skip51
\RaggedLeftLeftskip=\skip52
\RaggedRightLeftskip=\skip53
\CenteringRightskip=\skip54
\RaggedLeftRightskip=\skip55
\RaggedRightRightskip=\skip56
\CenteringParfillskip=\skip57
\RaggedLeftParfillskip=\skip58
\RaggedRightParfillskip=\skip59
\JustifyingParfillskip=\skip60
\CenteringParindent=\skip61
\RaggedLeftParindent=\skip62
\RaggedRightParindent=\skip63
\JustifyingParindent=\skip64
)
(/nas/longleaf/home/armurray/.TinyTeX/texmf-dist/tex/latex/graphics/rotating.st
y
Package: rotating 2016/08/11 v2.16d rotated objects in LaTeX
\c@r@tfl@t=\count182
\rotFPtop=\skip65
\rotFPbot=\skip66
\rot@float@box=\box46
\rot@mess@toks=\toks22
) (/nas/longleaf/home/armurray/.TinyTeX/texmf-dist/tex/generic/ulem/ulem.sty
\UL@box=\box47
\UL@hyphenbox=\box48
\UL@skip=\skip67
\UL@hook=\toks23
\UL@height=\dimen146
\UL@pe=\count183
\UL@pixel=\dimen147
\ULC@box=\box49
Package: ulem 2019/11/18
\ULdepth=\dimen148
)
\draftskip=\count184
\c@section=\count185
\c@subsection=\count186
\c@subsubsection=\count187
\c@paragraph=\count188
\c@subparagraph=\count189
\c@figure=\count190
\c@table=\count191
\abovecaptionskip=\skip68
\belowcaptionskip=\skip69
\c@appendnum=\count192
\bibindent=\dimen149
(/nas/longleaf/home/armurray/.TinyTeX/texmf-dist/tex/latex/apacite/apacite.sty
Package: apacite 2013/07/21 v6.03 APA citation
\c@BibCnt=\count193
\bibleftmargin=\skip70
\bibindent=\skip71
\bibparsep=\skip72
\bibitemsep=\skip73
\biblabelsep=\skip74
) (/nas/longleaf/home/armurray/.TinyTeX/texmf-dist/tex/latex/natbib/natbib.sty
Package: natbib 2010/09/13 8.31b (PWD, AO)
\bibhang=\skip75
\bibsep=\skip76
LaTeX Info: Redefining \cite on input line 694.
\c@NAT@ctr=\count194
)
LaTeX Info: Redefining \BBA on input line 1149.
)
(/nas/longleaf/home/armurray/.TinyTeX/texmf-dist/tex/generic/soulutf8/soulutf8.
sty
Package: soulutf8 2019/12/15 v1.2 Permit use of UTF-8 characters in soul (HO)

(/nas/longleaf/home/armurray/.TinyTeX/texmf-dist/tex/generic/infwarerr/infwarer
r.sty
Package: infwarerr 2019/12/03 v1.5 Providing info/warning/error messages (HO)
)
(/nas/longleaf/home/armurray/.TinyTeX/texmf-dist/tex/generic/etexcmds/etexcmds.
sty
Package: etexcmds 2019/12/15 v1.7 Avoid name clashes with e-TeX commands (HO)
(/nas/longleaf/home/armurray/.TinyTeX/texmf-dist/tex/generic/iftex/iftex.sty
Package: iftex 2019/11/07 v1.0c TeX engine tests
)))
(/nas/longleaf/home/armurray/.TinyTeX/texmf-dist/tex/latex/l3backend/l3backend-
pdfmode.def
File: l3backend-pdfmode.def 2020-02-23 L3 backend support: PDF mode
\l__kernel_color_stack_int=\count195
\l__pdf_internal_box=\box50
)
No file StreamFluxArticle.aux.
\openout1 = `StreamFluxArticle.aux'.

LaTeX Font Info:    Checking defaults for OML/cmm/m/it on input line 70.
LaTeX Font Info:    ... okay on input line 70.
LaTeX Font Info:    Checking defaults for OMS/cmsy/m/n on input line 70.
LaTeX Font Info:    ... okay on input line 70.
LaTeX Font Info:    Checking defaults for OT1/cmr/m/n on input line 70.
LaTeX Font Info:    ... okay on input line 70.
LaTeX Font Info:    Checking defaults for T1/cmr/m/n on input line 70.
LaTeX Font Info:    ... okay on input line 70.
LaTeX Font Info:    Checking defaults for TS1/cmr/m/n on input line 70.
LaTeX Font Info:    ... okay on input line 70.
LaTeX Font Info:    Checking defaults for OMX/cmex/m/n on input line 70.
LaTeX Font Info:    ... okay on input line 70.
LaTeX Font Info:    Checking defaults for U/cmr/m/n on input line 70.
LaTeX Font Info:    ... okay on input line 70.

(/nas/longleaf/home/armurray/.TinyTeX/texmf-dist/tex/latex/epstopdf-pkg/epstopd
f-base.sty
Package: epstopdf-base 2020-01-24 v2.11 Base part for package epstopdf
Package epstopdf-base Info: Redefining graphics rule for `.eps' on input line 4
85.

(/nas/longleaf/home/armurray/.TinyTeX/texmf-dist/tex/latex/latexconfig/epstopdf
-sys.cfg
File: epstopdf-sys.cfg 2010/07/13 v1.3 Configuration of (r)epstopdf for TeX Liv
e
))

Package trackchanges Warning: TrackChanges is not compatable with the 
(trackchanges)                'ulem' package.
(trackchanges)                Use the 'soul' package instead.

ABD: EverySelectfont initializing macros
LaTeX Info: Redefining \selectfont on input line 70.
\c@maskedRefs=\count196
(/nas/longleaf/home/armurray/.TinyTeX/texmf-dist/tex/latex/apacite/english.apc
File: english.apc 2013/07/21 v6.03 apacite language file
LaTeX Info: Redefining \BPBI on input line 129.
LaTeX Info: Redefining \BHBI on input line 130.
)
LaTeX Font Info:    External font `cmex10' loaded for size
(Font)              <7> on input line 119.
LaTeX Font Info:    External font `cmex10' loaded for size
(Font)              <5> on input line 119.
LaTeX Font Info:    External font `cmex10' loaded for size
(Font)              <8> on input line 127.
LaTeX Font Info:    External font `cmex10' loaded for size
(Font)              <6> on input line 127.
[1{/nas/longleaf/home/armurray/.TinyTeX/texmf-var/fonts/map/pdftex/updmap/pdfte
x.map}]
Overfull \hbox (11.48799pt too wide) in paragraph at lines 173--179
\OT1/cmr/m/n/10 Long thought to be a car-bon sink, the P^^Saramo re-gion of the
 An-des may be a sig-nif-i-cant 
 []


Overfull \hbox (19.29358pt too wide) in paragraph at lines 173--179
\OT1/cmr/m/n/10 car-bon source. We eval-u-ated the spa-tiotem-po-ral dy-nam-ics
 of CO2 con-cen-tra-tion and flux 
 []


Overfull \hbox (22.0157pt too wide) in paragraph at lines 173--179
\OT1/cmr/m/n/10 in a high-elevation stream. We mea-sured 15-min dis-solved CO2,
 O2, and dis-charge, across 
 []


Overfull \hbox (2.29337pt too wide) in paragraph at lines 182--200
\OT1/cmr/m/n/10 Streams emit car-bon diox-ide to the at-mo-sphere, but how much
? Re-cent re-search sug- 
 []


Overfull \hbox (10.37677pt too wide) in paragraph at lines 182--200
\OT1/cmr/m/n/10 gests that steaper streams emit more car-bon diox-ide since the
y are more tur-bu-lent, but 
 []


Overfull \hbox (1.82124pt too wide) in paragraph at lines 182--200
\OT1/cmr/m/n/10 the amount of car-bon diox-ide a stream emits is also de-pen-de
nt on the car-bon con-tent 
 []


Overfull \hbox (4.62679pt too wide) in paragraph at lines 182--200
\OT1/cmr/m/n/10 of the lo-cal ecosys-tem. The paramo, which is a re-gion in the
 high An-des moun-tains in 
 []


Overfull \hbox (0.82126pt too wide) in paragraph at lines 182--200
\OT1/cmr/m/n/10 Peru, Ecuador and Columbia, above the tree-line (~10,000 ft) an
d be-low the snow line 
 []


Overfull \hbox (14.62692pt too wide) in paragraph at lines 182--200
\OT1/cmr/m/n/10 (~16,000 ft), is made up of ex-ten-sive peat-lands which hold e
nor-mous amounts of car-bon. 
 []


Overfull \hbox (1.51573pt too wide) in paragraph at lines 182--200
\OT1/cmr/m/n/10 In the past, it was be-lieved that the paramo took in car-bon f
rom the at-mo-sphere and 
 []


Overfull \hbox (18.65437pt too wide) in paragraph at lines 182--200
\OT1/cmr/m/n/10 stored it how-ever, re-cent re-search sug-gests that the re-gio
n has re-versed course and is now 
 []


Overfull \hbox (16.48798pt too wide) in paragraph at lines 182--200
\OT1/cmr/m/n/10 emit-ting more car-bon into the at-mo-sphere than it is tak-ing
 in. A prin-ci-pal way that car- 
 []


Overfull \hbox (6.4045pt too wide) in paragraph at lines 182--200
\OT1/cmr/m/n/10 bon is moved from the soils into the at-mo-sphere is through th
e wa-ter cy-cle. We set up 
 []


Overfull \hbox (3.51566pt too wide) in paragraph at lines 182--200
\OT1/cmr/m/n/10 a sen-sor net-work in a stream in the Ecuado-rian paramo to mea
-sure changes in car-bon 
 []


Overfull \hbox (8.62682pt too wide) in paragraph at lines 182--200
\OT1/cmr/m/n/10 diox-ide and dis-solved oxy-gen, while also record-ing stream d
is-charge. We then took this 
 []


Overfull \hbox (4.73796pt too wide) in paragraph at lines 182--200
\OT1/cmr/m/n/10 data and cre-ated a method for de-ter-min-ing how much car-bon 
diox-ide is be-ing emit-ted 
 []


Overfull \hbox (4.26561pt too wide) in paragraph at lines 182--200
\OT1/cmr/m/n/10 from the stream to the at-mo-sphere and how that re-lates to di
s-charge, steep-ness of the 
 []


Overfull \hbox (332.25865pt too wide) in paragraph at lines 203--203
[]\OT1/cmtt/m/n/10 ## -- Attaching packages -----------------------------------
------------------------------------------------------------ tidyverse 1.3.0 --
[] 
 []


Overfull \hbox (332.25865pt too wide) in paragraph at lines 216--216
[]\OT1/cmtt/m/n/10 ## -- Conflicts --------------------------------------------
------------------------------------------------------ tidyverse_conflicts() --
[] 
 []


Underfull \vbox (badness 10000) has occurred while \output is active []

[2] [3]

LaTeX Font Warning: Font shape `OT1/cmr/m/n' in size <10.5> not available
(Font)              size <10.95> substituted on input line 284.


LaTeX Font Warning: Font shape `OT1/cmr/bx/n' in size <10.5> not available
(Font)              size <10.95> substituted on input line 284.


Package natbib Warning: Citation `carrillo2019breathing' on page 4 undefined on
 input line 291.


Overfull \hbox (10.37675pt too wide) in paragraph at lines 286--299
[]\OT1/cmr/m/n/10 It is well known that CO2 flux from fresh-wa-ter streams im-p
acts the global car-bon 
 []


Overfull \hbox (5.40462pt too wide) in paragraph at lines 286--299
\OT1/cmr/m/n/10 cy-cle, how-ever our abil-ity to quan-tify these af-fects at a 
va-ri-ety of spa-tial and tem-po-ral 
 []


Overfull \hbox (2.6546pt too wide) in paragraph at lines 286--299
\OT1/cmr/m/n/10 scales re-mains lim-ited. The P^^Saramo has his-tor-i-cally bee
n thought to be a car-bon sink 
 []


Overfull \hbox (0.70996pt too wide) in paragraph at lines 286--299
\OT1/cmr/m/n/10 how-ever, re-cent re-search sug-gests that it is now a source o
f car-bon to the at-mo-sphere 
 []


Overfull \hbox (34.66849pt too wide) in paragraph at lines 286--299
\OT1/cmr/m/n/10 (\OT1/cmr/bx/n/10 ?\OT1/cmr/m/n/10 ). We tested two meth-ods of
 quan-ti-fy-ing CO2 eva-sion in head-wa-ter streams in the P^^Saramo 
 []


Overfull \hbox (4.93237pt too wide) in paragraph at lines 286--299
\OT1/cmr/m/n/10 re-gion of Ecuador and dis-cuss the re-sults and im-pli-ca-tion
s of our find-ings. We uti-lized 
 []


Overfull \hbox (2.9323pt too wide) in paragraph at lines 286--299
\OT1/cmr/m/n/10 eosense EosFD flux cham-ber sen-sors to mea-sure CO2 flux di-re
ctly from streams us-ing 
 []


Overfull \hbox (2.62683pt too wide) in paragraph at lines 286--299
\OT1/cmr/m/n/10 in-stream flota-tion de-vices. Ad-di-tion-ally, we used mul-ti-
ple Vaisala CO2 con-cen-tra-tion 
 []


Overfull \hbox (10.76563pt too wide) in paragraph at lines 286--299
\OT1/cmr/m/n/10 sen-sors, fit-ted with wa-ter-proof PTFE sleeves to mon-i-tor c
hange in in-stream con-cen-tra- 
 []


Overfull \hbox (15.98795pt too wide) in paragraph at lines 286--299
\OT1/cmr/m/n/10 tion and cal-cu-lated flux by con-vert-ing con-cen-tra-tion to 
mass per area time us-ing the for- 
 []


LaTeX Warning: Command \textmu invalid in math mode on input line 306.


LaTeX Warning: Command \textmu invalid in math mode on input line 306.

Missing character: There is no µ in font cmr10!

Overfull \hbox (15.88373pt too wide) in paragraph at lines 306--312
[]\OT1/cmr/m/n/10 Where $\OML/cmm/m/it/10 f$ \OT1/cmr/m/n/10 equals flux in $\O
ML/cmm/m/it/10 mol m[]s[]$\OT1/cmr/m/n/10 , $^^A\OML/cmm/m/it/10 ppm$ \OT1/cmr/
m/n/10 is the change in CO2 ppm be-tween sen- 
 []


Overfull \hbox (30.85597pt too wide) in paragraph at lines 306--312
\OT1/cmr/m/n/10 sors, $\OML/cmm/m/it/10 R$ \OT1/cmr/m/n/10 is stream res-pi-ra-
tion in ppm, $\OML/cmm/m/it/10 P$ \OT1/cmr/m/n/10 is gross pri-mary pro-duc-tio
n in ppm, A is the stream 
 []


Overfull \hbox (16.09152pt too wide) in paragraph at lines 306--312
\OT1/cmr/m/n/10 sur-face area be-tween sen-sors in $\OML/cmm/m/it/10 m[]$\OT1/c
mr/m/n/10 , .0018 is the con-ver-sion co-ef-fi-cient for $\OML/cmm/m/it/10 CO[]
$ \OT1/cmr/m/n/10 from ppm 
 []


Overfull \hbox (9.26569pt too wide) in paragraph at lines 315--329
[]\OT1/cmr/m/n/10 The P^^Saramo re-gion is char-ac-ter-ized by high el-e-va-tio
n, moun-tain-ous wet-lands that 
 []


Overfull \hbox (8.48793pt too wide) in paragraph at lines 315--329
\OT1/cmr/m/n/10 are con-nected by tur-bu-lent streams. Con-nec-tiv-ity can be s
ea-sonal and de-pen-dent upon 
 []


Overfull \hbox (1.04335pt too wide) in paragraph at lines 315--329
\OT1/cmr/m/n/10 pre-cip-i-ta-tion in-ten-sity. Our spe-cific site lies on the w
est-ern edge of the An-dean con-ti- 
 []


Overfull \hbox (1.43239pt too wide) in paragraph at lines 315--329
\OT1/cmr/m/n/10 nen-tal di-vide. The site re-ceives mean monthly pre-cip-i-ta-t
ion of 121 mm (Stan-dard de- 
 []


Overfull \hbox (16.62698pt too wide) in paragraph at lines 315--329
\OT1/cmr/m/n/10 vi-a-tion = 61mm). Pre-cip-i-ta-tion is mod-er-ately sea-sonal 
with max-i-mum pre-cip-i-ta-tion typ- 
 []


Overfull \hbox (24.90465pt too wide) in paragraph at lines 315--329
\OT1/cmr/m/n/10 i-cally oc-cur-ring in July and min-i-mum pre-cip-i-ta-tion in 
Febru-ary. The site ex-pe-ri-ences some 
 []


Overfull \hbox (21.79353pt too wide) in paragraph at lines 315--329
\OT1/cmr/m/n/10 level of pre-cip-i-ta-tion on 83.5% of days. Mean daily tem-per
-a-ture is 50 C. We in-stru-mented 
 []


Overfull \hbox (10.21007pt too wide) in paragraph at lines 315--329
\OT1/cmr/m/n/10 a reach ap-prox-i-mately 140 me-ters in length which serves as 
a di-rect out-let to a wet-land 
 []


Overfull \hbox (2.57126pt too wide) in paragraph at lines 315--329
\OT1/cmr/m/n/10 with an area of 2.3 Ha as well as mul-ti-ple ad-di-tional wet-l
ands fur-ther up-stream. Four 
 []


Overfull \hbox (6.0156pt too wide) in paragraph at lines 315--329
\OT1/cmr/m/n/10 sen-sor clus-ters were in-stalled at var-i-ous in-ter-vals rep-
re-sent-ing var-i-ous stream gra-di-ents 
 []

[4]
Overfull \hbox (8.58498pt too wide) in paragraph at lines 332--342
[]\OT1/cmr/m/n/10 Four Vaisala GM-220 CO2 sen-sors were used to mea-sure dis-so
lved in-stream CO2 
 []


Overfull \hbox (2.04341pt too wide) in paragraph at lines 332--342
\OT1/cmr/m/n/10 con-cen-tra-tions. We used wa-ter-proof PTFE sleeves, fol-low-i
ng the method pre-sented in 
 []


Overfull \hbox (3.65459pt too wide) in paragraph at lines 332--342
\OT1/cmr/m/n/10 John-son., et al.(2010). The Vaisala sen-sors, which have a ran
ge of 0-10,000 ppm, have 
 []


Overfull \hbox (3.62682pt too wide) in paragraph at lines 332--342
\OT1/cmr/m/n/10 a mar-gin of er-ror of 150 ppm (1.5%). To min-i-mize er-ror, al
l four sen-sors were ini-tially 
 []


Overfull \hbox (5.62668pt too wide) in paragraph at lines 332--342
\OT1/cmr/m/n/10 col-lo-cated to es-tab-lish off-set val-ues. Two eosFD (EoSense
) cham-ber sen-sors were po-si- 
 []


Overfull \hbox (9.7657pt too wide) in paragraph at lines 332--342
\OT1/cmr/m/n/10 tioned in the stream us-ing cus-tom made float-ing plat-forms. 
One sen-sor was lo-cated be- 
 []


Overfull \hbox (12.32123pt too wide) in paragraph at lines 332--342
\OT1/cmr/m/n/10 tween Sta-tion 1 and 2, and the other was col-lo-cated with sta
-tion 4. To es-ti-mate eva-sion 
 []


Overfull \hbox (12.2656pt too wide) in paragraph at lines 332--342
\OT1/cmr/m/n/10 from the reach, we quan-ti-fied CO2 change be-tween sta-tion 1 
and 4. Here is text on Ma- 
 []

! Undefined control sequence.
l.343 \hypertarget
                  {htmlwidget-3c87f60362e56efce783}{} 
Here is how much of TeX's memory you used:
 3497 strings out of 482913
 50192 string characters out of 5957861
 295260 words of memory out of 5000000
 18718 multiletter control sequences out of 15000+600000
 537715 words of font info for 43 fonts, out of 8000000 for 9000
 20 hyphenation exceptions out of 8191
 46i,8n,41p,217b,361s stack positions out of 5000i,500n,10000p,200000b,80000s

!  ==> Fatal error occurred, no output PDF file produced!
